[2025-07-20 15:26:52] production.ERROR: SQLSTATE[42S02]: Base table or view not found: 1146 Table 'tqinvgbp_digiloadstesting.languages' doesn't exist (Connection: mysql, SQL: select * from `languages`) {"exception":"[object] (Illuminate\\Database\\QueryException(code: 42S02): SQLSTATE[42S02]: Base table or view not found: 1146 Table 'tqinvgbp_digiloadstesting.languages' doesn't exist (Connection: mysql, SQL: select * from `languages`) at /home/tqinvgbp/tauqeerahmed.online/application/vendor/laravel/framework/src/Illuminate/Database/Connection.php:829)
[stacktrace]
#0 /home/tqinvgbp/tauqeerahmed.online/application/vendor/laravel/framework/src/Illuminate/Database/Connection.php(783): Illuminate\\Database\\Connection->runQueryCallback()
#1 /home/tqinvgbp/tauqeerahmed.online/application/vendor/laravel/framework/src/Illuminate/Database/Connection.php(414): Illuminate\\Database\\Connection->run()
#2 /home/tqinvgbp/tauqeerahmed.online/application/vendor/laravel/framework/src/Illuminate/Database/Query/Builder.php(2871): Illuminate\\Database\\Connection->select()
#3 /home/tqinvgbp/tauqeerahmed.online/application/vendor/laravel/framework/src/Illuminate/Database/Query/Builder.php(2860): Illuminate\\Database\\Query\\Builder->runSelect()
#4 /home/tqinvgbp/tauqeerahmed.online/application/vendor/laravel/framework/src/Illuminate/Database/Query/Builder.php(3414): Illuminate\\Database\\Query\\Builder->{closure:Illuminate\\Database\\Query\\Builder::get():2859}()
#5 /home/tqinvgbp/tauqeerahmed.online/application/vendor/laravel/framework/src/Illuminate/Database/Query/Builder.php(2859): Illuminate\\Database\\Query\\Builder->onceWithColumns()
#6 /home/tqinvgbp/tauqeerahmed.online/application/vendor/laravel/framework/src/Illuminate/Database/Eloquent/Builder.php(739): Illuminate\\Database\\Query\\Builder->get()
#7 /home/tqinvgbp/tauqeerahmed.online/application/vendor/laravel/framework/src/Illuminate/Database/Eloquent/Builder.php(723): Illuminate\\Database\\Eloquent\\Builder->getModels()
#8 /home/tqinvgbp/tauqeerahmed.online/application/vendor/laravel/framework/src/Illuminate/Database/Eloquent/Model.php(674): Illuminate\\Database\\Eloquent\\Builder->get()
#9 /home/tqinvgbp/tauqeerahmed.online/application/app/Providers/AppServiceProvider.php(40): Illuminate\\Database\\Eloquent\\Model::all()
#10 /home/tqinvgbp/tauqeerahmed.online/application/vendor/laravel/framework/src/Illuminate/Container/BoundMethod.php(36): App\\Providers\\AppServiceProvider->boot()
#11 /home/tqinvgbp/tauqeerahmed.online/application/vendor/laravel/framework/src/Illuminate/Container/Util.php(41): Illuminate\\Container\\BoundMethod::{closure:Illuminate\\Container\\BoundMethod::call():35}()
#12 /home/tqinvgbp/tauqeerahmed.online/application/vendor/laravel/framework/src/Illuminate/Container/BoundMethod.php(93): Illuminate\\Container\\Util::unwrapIfClosure()
#13 /home/tqinvgbp/tauqeerahmed.online/application/vendor/laravel/framework/src/Illuminate/Container/BoundMethod.php(35): Illuminate\\Container\\BoundMethod::callBoundMethod()
#14 /home/tqinvgbp/tauqeerahmed.online/application/vendor/laravel/framework/src/Illuminate/Container/Container.php(662): Illuminate\\Container\\BoundMethod::call()
#15 /home/tqinvgbp/tauqeerahmed.online/application/vendor/laravel/framework/src/Illuminate/Foundation/Application.php(1034): Illuminate\\Container\\Container->call()
#16 /home/tqinvgbp/tauqeerahmed.online/application/vendor/laravel/framework/src/Illuminate/Foundation/Application.php(1015): Illuminate\\Foundation\\Application->bootProvider()
#17 [internal function]: Illuminate\\Foundation\\Application->{closure:Illuminate\\Foundation\\Application::boot():1014}()
#18 /home/tqinvgbp/tauqeerahmed.online/application/vendor/laravel/framework/src/Illuminate/Foundation/Application.php(1014): array_walk()
#19 /home/tqinvgbp/tauqeerahmed.online/application/vendor/laravel/framework/src/Illuminate/Foundation/Bootstrap/BootProviders.php(17): Illuminate\\Foundation\\Application->boot()
#20 /home/tqinvgbp/tauqeerahmed.online/application/vendor/laravel/framework/src/Illuminate/Foundation/Application.php(263): Illuminate\\Foundation\\Bootstrap\\BootProviders->bootstrap()
#21 /home/tqinvgbp/tauqeerahmed.online/application/vendor/laravel/framework/src/Illuminate/Foundation/Http/Kernel.php(186): Illuminate\\Foundation\\Application->bootstrapWith()
#22 /home/tqinvgbp/tauqeerahmed.online/application/vendor/laravel/framework/src/Illuminate/Foundation/Http/Kernel.php(170): Illuminate\\Foundation\\Http\\Kernel->bootstrap()
#23 /home/tqinvgbp/tauqeerahmed.online/application/vendor/laravel/framework/src/Illuminate/Foundation/Http/Kernel.php(144): Illuminate\\Foundation\\Http\\Kernel->sendRequestThroughRouter()
#24 /home/tqinvgbp/tauqeerahmed.online/index.php(51): Illuminate\\Foundation\\Http\\Kernel->handle()
#25 {main}

[previous exception] [object] (PDOException(code: 42S02): SQLSTATE[42S02]: Base table or view not found: 1146 Table 'tqinvgbp_digiloadstesting.languages' doesn't exist at /home/tqinvgbp/tauqeerahmed.online/application/vendor/laravel/framework/src/Illuminate/Database/Connection.php:423)
[stacktrace]
#0 /home/tqinvgbp/tauqeerahmed.online/application/vendor/laravel/framework/src/Illuminate/Database/Connection.php(423): PDO->prepare()
#1 /home/tqinvgbp/tauqeerahmed.online/application/vendor/laravel/framework/src/Illuminate/Database/Connection.php(816): Illuminate\\Database\\Connection->{closure:Illuminate\\Database\\Connection::select():414}()
#2 /home/tqinvgbp/tauqeerahmed.online/application/vendor/laravel/framework/src/Illuminate/Database/Connection.php(783): Illuminate\\Database\\Connection->runQueryCallback()
#3 /home/tqinvgbp/tauqeerahmed.online/application/vendor/laravel/framework/src/Illuminate/Database/Connection.php(414): Illuminate\\Database\\Connection->run()
#4 /home/tqinvgbp/tauqeerahmed.online/application/vendor/laravel/framework/src/Illuminate/Database/Query/Builder.php(2871): Illuminate\\Database\\Connection->select()
#5 /home/tqinvgbp/tauqeerahmed.online/application/vendor/laravel/framework/src/Illuminate/Database/Query/Builder.php(2860): Illuminate\\Database\\Query\\Builder->runSelect()
#6 /home/tqinvgbp/tauqeerahmed.online/application/vendor/laravel/framework/src/Illuminate/Database/Query/Builder.php(3414): Illuminate\\Database\\Query\\Builder->{closure:Illuminate\\Database\\Query\\Builder::get():2859}()
#7 /home/tqinvgbp/tauqeerahmed.online/application/vendor/laravel/framework/src/Illuminate/Database/Query/Builder.php(2859): Illuminate\\Database\\Query\\Builder->onceWithColumns()
#8 /home/tqinvgbp/tauqeerahmed.online/application/vendor/laravel/framework/src/Illuminate/Database/Eloquent/Builder.php(739): Illuminate\\Database\\Query\\Builder->get()
#9 /home/tqinvgbp/tauqeerahmed.online/application/vendor/laravel/framework/src/Illuminate/Database/Eloquent/Builder.php(723): Illuminate\\Database\\Eloquent\\Builder->getModels()
#10 /home/tqinvgbp/tauqeerahmed.online/application/vendor/laravel/framework/src/Illuminate/Database/Eloquent/Model.php(674): Illuminate\\Database\\Eloquent\\Builder->get()
#11 /home/tqinvgbp/tauqeerahmed.online/application/app/Providers/AppServiceProvider.php(40): Illuminate\\Database\\Eloquent\\Model::all()
#12 /home/tqinvgbp/tauqeerahmed.online/application/vendor/laravel/framework/src/Illuminate/Container/BoundMethod.php(36): App\\Providers\\AppServiceProvider->boot()
#13 /home/tqinvgbp/tauqeerahmed.online/application/vendor/laravel/framework/src/Illuminate/Container/Util.php(41): Illuminate\\Container\\BoundMethod::{closure:Illuminate\\Container\\BoundMethod::call():35}()
#14 /home/tqinvgbp/tauqeerahmed.online/application/vendor/laravel/framework/src/Illuminate/Container/BoundMethod.php(93): Illuminate\\Container\\Util::unwrapIfClosure()
#15 /home/tqinvgbp/tauqeerahmed.online/application/vendor/laravel/framework/src/Illuminate/Container/BoundMethod.php(35): Illuminate\\Container\\BoundMethod::callBoundMethod()
#16 /home/tqinvgbp/tauqeerahmed.online/application/vendor/laravel/framework/src/Illuminate/Container/Container.php(662): Illuminate\\Container\\BoundMethod::call()
#17 /home/tqinvgbp/tauqeerahmed.online/application/vendor/laravel/framework/src/Illuminate/Foundation/Application.php(1034): Illuminate\\Container\\Container->call()
#18 /home/tqinvgbp/tauqeerahmed.online/application/vendor/laravel/framework/src/Illuminate/Foundation/Application.php(1015): Illuminate\\Foundation\\Application->bootProvider()
#19 [internal function]: Illuminate\\Foundation\\Application->{closure:Illuminate\\Foundation\\Application::boot():1014}()
#20 /home/tqinvgbp/tauqeerahmed.online/application/vendor/laravel/framework/src/Illuminate/Foundation/Application.php(1014): array_walk()
#21 /home/tqinvgbp/tauqeerahmed.online/application/vendor/laravel/framework/src/Illuminate/Foundation/Bootstrap/BootProviders.php(17): Illuminate\\Foundation\\Application->boot()
#22 /home/tqinvgbp/tauqeerahmed.online/application/vendor/laravel/framework/src/Illuminate/Foundation/Application.php(263): Illuminate\\Foundation\\Bootstrap\\BootProviders->bootstrap()
#23 /home/tqinvgbp/tauqeerahmed.online/application/vendor/laravel/framework/src/Illuminate/Foundation/Http/Kernel.php(186): Illuminate\\Foundation\\Application->bootstrapWith()
#24 /home/tqinvgbp/tauqeerahmed.online/application/vendor/laravel/framework/src/Illuminate/Foundation/Http/Kernel.php(170): Illuminate\\Foundation\\Http\\Kernel->bootstrap()
#25 /home/tqinvgbp/tauqeerahmed.online/application/vendor/laravel/framework/src/Illuminate/Foundation/Http/Kernel.php(144): Illuminate\\Foundation\\Http\\Kernel->sendRequestThroughRouter()
#26 /home/tqinvgbp/tauqeerahmed.online/index.php(51): Illuminate\\Foundation\\Http\\Kernel->handle()
#27 {main}
"} 
